<?xml version="1.0" encoding="UTF-8"?>
<robot generator="Robot 4.1.3 (Python 3.9.11 on win32)" generated="20230302 19:20:43.554" rpa="false" schemaversion="2">
<suite id="s1" name="Post" source="D:\Projects\QAXp\robotframework-api-expert\buger-eats-api-tests\tests\post.robot">
<test id="s1-t1" name="Should create a new partner">
<kw name="Create Dictionary" library="BuiltIn">
<var>${payload}</var>
<arg>name=Pizzas Raphilske</arg>
<arg>email=contato@koi.com.br</arg>
<arg>whatsapp=21989999999</arg>
<arg>business=Restaurante</arg>
<doc>Creates and returns a dictionary based on the given ``items``.</doc>
<msg timestamp="20230302 19:20:43.747" level="INFO">${payload} = {'name': 'Pizzas Raphilske', 'email': 'contato@koi.com.br', 'whatsapp': '21989999999', 'business': 'Restaurante'}</msg>
<status status="PASS" starttime="20230302 19:20:43.747" endtime="20230302 19:20:43.747"/>
</kw>
<kw name="Remove Partner By Name" library="database">
<arg>Pizzas Raphilske</arg>
<kw name="Create Dictionary" library="BuiltIn">
<var>${filter}</var>
<arg>name=${partner_name}</arg>
<doc>Creates and returns a dictionary based on the given ``items``.</doc>
<msg timestamp="20230302 19:20:43.747" level="INFO">${filter} = {'name': 'Pizzas Raphilske'}</msg>
<status status="PASS" starttime="20230302 19:20:43.747" endtime="20230302 19:20:43.747"/>
</kw>
<kw name="Delete One" library="RobotMongoDBLibrary.Delete">
<arg>${MONGO_URI}</arg>
<arg>${filter}</arg>
<status status="PASS" starttime="20230302 19:20:43.747" endtime="20230302 19:20:44.300"/>
</kw>
<status status="PASS" starttime="20230302 19:20:43.747" endtime="20230302 19:20:44.301"/>
</kw>
<kw name="Create Dictionary" library="BuiltIn">
<var>${filter}</var>
<arg>name=Pizzas Raphilske</arg>
<doc>Creates and returns a dictionary based on the given ``items``.</doc>
<msg timestamp="20230302 19:20:44.303" level="INFO">${filter} = {'name': 'Pizzas Raphilske'}</msg>
<status status="PASS" starttime="20230302 19:20:44.302" endtime="20230302 19:20:44.304"/>
</kw>
<kw name="POST Partner" library="services">
<var>${response}</var>
<arg>${payload}</arg>
<kw name="POST" library="RequestsLibrary">
<var>${response}</var>
<arg>${BASE_URL}</arg>
<arg>json=${payload}</arg>
<arg>headers=${HEADERS}</arg>
<doc>Sends a POST request.</doc>
<msg timestamp="20230302 19:20:44.370" level="INFO">POST Request : url=http://localhost:3333/partners 
 path_url=/partners 
 headers={'User-Agent': 'python-requests/2.28.2', 'Accept-Encoding': 'gzip, deflate', 'Accept': '*/*', 'Connection': 'keep-alive', 'Content-Type': 'application/json', 'auth_user': 'qa', 'auth_password': 'ninja', 'Content-Length': '113'} 
 body=b'{"name": "Pizzas Raphilske", "email": "contato@koi.com.br", "whatsapp": "21989999999", "business": "Restaurante"}' 
 </msg>
<msg timestamp="20230302 19:20:44.370" level="INFO">POST Response : url=http://localhost:3333/partners 
 status=201, reason=Created 
 headers={'X-Powered-By': 'Express', 'Access-Control-Allow-Origin': '*', 'Access-Control-Expose-Headers': 'Authorization,auth_user,auth_password', 'Content-Type': 'application/json; charset=utf-8', 'Content-Length': '41', 'ETag': 'W/"29-8i4/0IDp4TTTdDe/awAsRKNc25Y"', 'Date': 'Thu, 02 Mar 2023 22:20:44 GMT', 'Connection': 'keep-alive', 'Keep-Alive': 'timeout=5'} 
 body={"partner_id":"6401213c295215f925f6af70"} 
 </msg>
<msg timestamp="20230302 19:20:44.370" level="INFO">${response} = &lt;Response [201]&gt;</msg>
<status status="PASS" starttime="20230302 19:20:44.307" endtime="20230302 19:20:44.370"/>
</kw>
<msg timestamp="20230302 19:20:44.371" level="INFO">${response} = &lt;Response [201]&gt;</msg>
<status status="PASS" starttime="20230302 19:20:44.305" endtime="20230302 19:20:44.371"/>
</kw>
<kw name="Status Should Be" library="RequestsLibrary">
<arg>201</arg>
<doc>Fails if response status code is different than the expected.</doc>
<status status="PASS" starttime="20230302 19:20:44.372" endtime="20230302 19:20:44.372"/>
</kw>
<kw name="Find" library="RobotMongoDBLibrary.Find">
<var>${results}</var>
<arg>${MONGO_URI}</arg>
<arg>${filter}</arg>
<msg timestamp="20230302 19:20:44.836" level="INFO">${results} = [{'_id': '6401213c295215f925f6af70', 'name': 'Pizzas Raphilske', 'email': 'contato@koi.com.br', 'whatsapp': '21989999999', 'business': 'Restaurante', 'active': False, 'created_at': datetime.datetime(2...</msg>
<status status="PASS" starttime="20230302 19:20:44.372" endtime="20230302 19:20:44.836"/>
</kw>
<kw name="Should Be Equal" library="BuiltIn">
<arg>${response.json()}[partner_id]</arg>
<arg>${results}[0][_id]</arg>
<doc>Fails if the given objects are unequal.</doc>
<status status="PASS" starttime="20230302 19:20:44.837" endtime="20230302 19:20:44.839"/>
</kw>
<status status="PASS" starttime="20230302 19:20:43.746" endtime="20230302 19:20:44.840"/>
</test>
<doc>POST /partners</doc>
<status status="PASS" starttime="20230302 19:20:43.556" endtime="20230302 19:20:44.843"/>
</suite>
<statistics>
<total>
<stat pass="1" fail="0" skip="0">All Tests</stat>
</total>
<tag>
</tag>
<suite>
<stat pass="1" fail="0" skip="0" id="s1" name="Post">Post</stat>
</suite>
</statistics>
<errors>
</errors>
</robot>
