<?xml version="1.0" encoding="UTF-8"?>
<robot generator="Robot 4.1.3 (Python 3.9.11 on win32)" generated="20230302 18:25:37.418" rpa="false" schemaversion="2">
<suite id="s1" name="Post" source="D:\Projects\QAXp\buger-eats-api-tests\tests\post.robot">
<test id="s1-t1" name="Should create a new partner">
<kw name="Create Dictionary" library="BuiltIn">
<var>${payload}</var>
<arg>name=Pizzas Koi</arg>
<arg>email=contato@koi.com.br</arg>
<arg>whatsapp=21989999999</arg>
<arg>business=Restaurante</arg>
<doc>Creates and returns a dictionary based on the given ``items``.</doc>
<msg timestamp="20230302 18:25:37.620" level="INFO">${payload} = {'name': 'Pizzas Koi', 'email': 'contato@koi.com.br', 'whatsapp': '21989999999', 'business': 'Restaurante'}</msg>
<status status="PASS" starttime="20230302 18:25:37.620" endtime="20230302 18:25:37.620"/>
</kw>
<kw name="Create Dictionary" library="BuiltIn">
<var>${filter}</var>
<arg>name=Pizzas Koi</arg>
<doc>Creates and returns a dictionary based on the given ``items``.</doc>
<msg timestamp="20230302 18:25:37.620" level="INFO">${filter} = {'name': 'Pizzas Koi'}</msg>
<status status="PASS" starttime="20230302 18:25:37.620" endtime="20230302 18:25:37.620"/>
</kw>
<kw name="Delete One" library="RobotMongoDBLibrary.Delete">
<arg>${MONGO_URI}</arg>
<arg>${filter}</arg>
<status status="PASS" starttime="20230302 18:25:37.621" endtime="20230302 18:25:38.321"/>
</kw>
<kw name="POST Partner" library="services">
<var>${response}</var>
<arg>${payload}</arg>
<kw name="POST" library="RequestsLibrary">
<var>${response}</var>
<arg>${BASE_URL}</arg>
<arg>json=${payload}</arg>
<arg>headers=${HEADERS}</arg>
<doc>Sends a POST request.</doc>
<msg timestamp="20230302 18:25:38.393" level="INFO">POST Request : url=http://localhost:3333/partners 
 path_url=/partners 
 headers={'User-Agent': 'python-requests/2.28.2', 'Accept-Encoding': 'gzip, deflate', 'Accept': '*/*', 'Connection': 'keep-alive', 'Content-Type': 'application/json', 'auth_user': 'qa', 'auth_password': 'ninja', 'Content-Length': '107'} 
 body=b'{"name": "Pizzas Koi", "email": "contato@koi.com.br", "whatsapp": "21989999999", "business": "Restaurante"}' 
 </msg>
<msg timestamp="20230302 18:25:38.393" level="INFO">POST Response : url=http://localhost:3333/partners 
 status=201, reason=Created 
 headers={'X-Powered-By': 'Express', 'Access-Control-Allow-Origin': '*', 'Access-Control-Expose-Headers': 'Authorization,auth_user,auth_password', 'Content-Type': 'application/json; charset=utf-8', 'Content-Length': '41', 'ETag': 'W/"29-SGeYrisD2H6Nq4TTv3U+bnfWOOU"', 'Date': 'Thu, 02 Mar 2023 21:25:38 GMT', 'Connection': 'keep-alive', 'Keep-Alive': 'timeout=5'} 
 body={"partner_id":"640114522d9a0f39c7826da4"} 
 </msg>
<msg timestamp="20230302 18:25:38.393" level="INFO">${response} = &lt;Response [201]&gt;</msg>
<status status="PASS" starttime="20230302 18:25:38.324" endtime="20230302 18:25:38.393"/>
</kw>
<msg timestamp="20230302 18:25:38.395" level="INFO">${response} = &lt;Response [201]&gt;</msg>
<status status="PASS" starttime="20230302 18:25:38.321" endtime="20230302 18:25:38.395"/>
</kw>
<kw name="Status Should Be" library="RequestsLibrary">
<arg>201</arg>
<doc>Fails if response status code is different than the expected.</doc>
<status status="PASS" starttime="20230302 18:25:38.396" endtime="20230302 18:25:38.397"/>
</kw>
<kw name="Find" library="RobotMongoDBLibrary.Find">
<var>${results}</var>
<arg>${MONGO_URI}</arg>
<arg>${filter}</arg>
<msg timestamp="20230302 18:25:38.878" level="INFO">${results} = [{'_id': '640114522d9a0f39c7826da4', 'name': 'Pizzas Koi', 'email': 'contato@koi.com.br', 'whatsapp': '21989999999', 'business': 'Restaurante', 'active': False, 'created_at': datetime.datetime(2023, 3...</msg>
<status status="PASS" starttime="20230302 18:25:38.398" endtime="20230302 18:25:38.878"/>
</kw>
<kw name="Should Be Equal" library="BuiltIn">
<arg>${response.json()}[partner_id]</arg>
<arg>${results}[0][_id]</arg>
<doc>Fails if the given objects are unequal.</doc>
<status status="PASS" starttime="20230302 18:25:38.879" endtime="20230302 18:25:38.880"/>
</kw>
<status status="PASS" starttime="20230302 18:25:37.619" endtime="20230302 18:25:38.881"/>
</test>
<doc>POST /partners</doc>
<status status="PASS" starttime="20230302 18:25:37.420" endtime="20230302 18:25:38.882"/>
</suite>
<statistics>
<total>
<stat pass="1" fail="0" skip="0">All Tests</stat>
</total>
<tag>
</tag>
<suite>
<stat pass="1" fail="0" skip="0" id="s1" name="Post">Post</stat>
</suite>
</statistics>
<errors>
</errors>
</robot>
